# JRE version: OpenJDK Runtime Environment Temurin-11.0.19+7 (11.0.19+7) (build 11.0.19+7)
# Java VM: OpenJDK 64-Bit Server VM Temurin-11.0.19+7 (11.0.19+7, mixed mode, tiered, compressed oops, g1 gc, bsd-amd64)
Heap:
 garbage-first heap   total 262144K, used 111575K [0x00000007e0000000, 0x0000000800000000)
  region size 1024K, 79 young (80896K), 10 survivors (10240K)
 Metaspace       used 65103K, capacity 67474K, committed 67576K, reserved 444416K
  class space    used 8662K, capacity 9569K, committed 9600K, reserved 385024K
GC Heap History (16 events):
Event: 0.499 GC heap before
{Heap before GC invocations=0 (full 0):
 garbage-first heap   total 262144K, used 27648K [0x00000007e0000000, 0x0000000800000000)
  region size 1024K, 24 young (24576K), 0 survivors (0K)
 Metaspace       used 8101K, capacity 8256K, committed 8576K, reserved 393216K
  class space    used 736K, capacity 793K, committed 896K, reserved 385024K
}
Event: 0.503 GC heap after
{Heap after GC invocations=1 (full 0):
 garbage-first heap   total 262144K, used 10683K [0x00000007e0000000, 0x0000000800000000)
  region size 1024K, 3 young (3072K), 3 survivors (3072K)
 Metaspace       used 8101K, capacity 8256K, committed 8576K, reserved 393216K
  class space    used 736K, capacity 793K, committed 896K, reserved 385024K
}
Event: 1.559 GC heap before
{Heap before GC invocations=1 (full 0):
 garbage-first heap   total 262144K, used 121275K [0x00000007e0000000, 0x0000000800000000)
  region size 1024K, 110 young (112640K), 3 survivors (3072K)
 Metaspace       used 20699K, capacity 21066K, committed 21248K, reserved 405504K
  class space    used 2422K, capacity 2560K, committed 2560K, reserved 385024K
}
Event: 1.571 GC heap after
{Heap after GC invocations=2 (full 0):
 garbage-first heap   total 262144K, used 19120K [0x00000007e0000000, 0x0000000800000000)
  region size 1024K, 11 young (11264K), 11 survivors (11264K)
 Metaspace       used 20699K, capacity 21066K, committed 21248K, reserved 405504K
  class space    used 2422K, capacity 2560K, committed 2560K, reserved 385024K
}
Event: 1.965 GC heap before
{Heap before GC invocations=3 (full 0):
 garbage-first heap   total 262144K, used 85680K [0x00000007e0000000, 0x0000000800000000)
  region size 1024K, 76 young (77824K), 11 survivors (11264K)
 Metaspace       used 25586K, capacity 26256K, committed 26496K, reserved 409600K
  class space    used 3208K, capacity 3443K, committed 3456K, reserved 385024K
}
Event: 1.973 GC heap after
{Heap after GC invocations=4 (full 0):
 garbage-first heap   total 262144K, used 21311K [0x00000007e0000000, 0x0000000800000000)
  region size 1024K, 3 young (3072K), 3 survivors (3072K)
 Metaspace       used 25586K, capacity 26256K, committed 26496K, reserved 409600K
  class space    used 3208K, capacity 3443K, committed 3456K, reserved 385024K
}
Event: 2.762 GC heap before
{Heap before GC invocations=4 (full 0):
 garbage-first heap   total 262144K, used 145215K [0x00000007e0000000, 0x0000000800000000)
  region size 1024K, 124 young (126976K), 3 survivors (3072K)
 Metaspace       used 34186K, capacity 35038K, committed 35200K, reserved 415744K
  class space    used 4533K, capacity 4886K, committed 4992K, reserved 385024K
}
Event: 2.768 GC heap after
{Heap after GC invocations=5 (full 0):
 garbage-first heap   total 262144K, used 23999K [0x00000007e0000000, 0x0000000800000000)
  region size 1024K, 5 young (5120K), 5 survivors (5120K)
 Metaspace       used 34186K, capacity 35038K, committed 35200K, reserved 415744K
  class space    used 4533K, capacity 4886K, committed 4992K, reserved 385024K
}
Event: 2.804 GC heap before
{Heap before GC invocations=5 (full 0):
 garbage-first heap   total 262144K, used 28095K [0x00000007e0000000, 0x0000000800000000)
  region size 1024K, 10 young (10240K), 5 survivors (5120K)
 Metaspace       used 34741K, capacity 35599K, committed 35628K, reserved 415744K
  class space    used 4618K, capacity 4990K, committed 4992K, reserved 385024K
}
Event: 2.811 GC heap after
{Heap after GC invocations=6 (full 0):
 garbage-first heap   total 262144K, used 24380K [0x00000007e0000000, 0x0000000800000000)
  region size 1024K, 6 young (6144K), 6 survivors (6144K)
 Metaspace       used 34741K, capacity 35599K, committed 35628K, reserved 415744K
  class space    used 4618K, capacity 4990K, committed 4992K, reserved 385024K
}
Event: 3.932 GC heap before
{Heap before GC invocations=7 (full 0):
 garbage-first heap   total 262144K, used 146236K [0x00000007e0000000, 0x0000000800000000)
  region size 1024K, 121 young (123904K), 6 survivors (6144K)
 Metaspace       used 46075K, capacity 47369K, committed 47608K, reserved 428032K
  class space    used 5907K, capacity 6417K, committed 6528K, reserved 385024K
}
Event: 3.947 GC heap after
{Heap after GC invocations=8 (full 0):
 garbage-first heap   total 262144K, used 33270K [0x00000007e0000000, 0x0000000800000000)
  region size 1024K, 14 young (14336K), 14 survivors (14336K)
 Metaspace       used 46075K, capacity 47369K, committed 47608K, reserved 428032K
  class space    used 5907K, capacity 6417K, committed 6528K, reserved 385024K
}
Event: 4.786 GC heap before
{Heap before GC invocations=9 (full 0):
 garbage-first heap   total 262144K, used 157174K [0x00000007e0000000, 0x0000000800000000)
  region size 1024K, 134 young (137216K), 14 survivors (14336K)
 Metaspace       used 53805K, capacity 55479K, committed 55672K, reserved 434176K
  class space    used 7027K, capacity 7672K, committed 7680K, reserved 385024K
}
Event: 4.803 GC heap after
{Heap after GC invocations=10 (full 0):
 garbage-first heap   total 262144K, used 37528K [0x00000007e0000000, 0x0000000800000000)
  region size 1024K, 6 young (6144K), 6 survivors (6144K)
 Metaspace       used 53805K, capacity 55479K, committed 55672K, reserved 434176K
  class space    used 7027K, capacity 7672K, committed 7680K, reserved 385024K
}
Event: 5.641 GC heap before
{Heap before GC invocations=10 (full 0):
 garbage-first heap   total 262144K, used 166552K [0x00000007e0000000, 0x0000000800000000)
  region size 1024K, 132 young (135168K), 6 survivors (6144K)
 Metaspace       used 62002K, capacity 64009K, committed 64120K, reserved 440320K
  class space    used 8171K, capacity 8955K, committed 8960K, reserved 385024K
}
Event: 5.650 GC heap after
{Heap after GC invocations=11 (full 0):
 garbage-first heap   total 262144K, used 41943K [0x00000007e0000000, 0x0000000800000000)
  region size 1024K, 10 young (10240K), 10 survivors (10240K)
 Metaspace       used 62002K, capacity 64009K, committed 64120K, reserved 440320K
  class space    used 8171K, capacity 8955K, committed 8960K, reserved 385024K
}

