# JRE version: OpenJDK Runtime Environment Temurin-11.0.19+7 (11.0.19+7) (build 11.0.19+7)
# Java VM: OpenJDK 64-Bit Server VM Temurin-11.0.19+7 (11.0.19+7, mixed mode, tiered, compressed oops, g1 gc, bsd-amd64)
Heap:
 garbage-first heap   total 262144K, used 181899K [0x00000007e0000000, 0x0000000800000000)
  region size 1024K, 147 young (150528K), 7 survivors (7168K)
 Metaspace       used 65046K, capacity 67372K, committed 67564K, reserved 444416K
  class space    used 8664K, capacity 9577K, committed 9676K, reserved 385024K
GC Heap History (14 events):
Event: 0.567 GC heap before
{Heap before GC invocations=0 (full 0):
 garbage-first heap   total 262144K, used 27648K [0x00000007e0000000, 0x0000000800000000)
  region size 1024K, 24 young (24576K), 0 survivors (0K)
 Metaspace       used 8093K, capacity 8256K, committed 8576K, reserved 393216K
  class space    used 736K, capacity 793K, committed 896K, reserved 385024K
}
Event: 0.571 GC heap after
{Heap after GC invocations=1 (full 0):
 garbage-first heap   total 262144K, used 10778K [0x00000007e0000000, 0x0000000800000000)
  region size 1024K, 3 young (3072K), 3 survivors (3072K)
 Metaspace       used 8093K, capacity 8256K, committed 8576K, reserved 393216K
  class space    used 736K, capacity 793K, committed 896K, reserved 385024K
}
Event: 2.048 GC heap before
{Heap before GC invocations=1 (full 0):
 garbage-first heap   total 262144K, used 121370K [0x00000007e0000000, 0x0000000800000000)
  region size 1024K, 110 young (112640K), 3 survivors (3072K)
 Metaspace       used 20700K, capacity 21130K, committed 21248K, reserved 405504K
  class space    used 2422K, capacity 2560K, committed 2560K, reserved 385024K
}
Event: 2.060 GC heap after
{Heap after GC invocations=2 (full 0):
 garbage-first heap   total 262144K, used 19189K [0x00000007e0000000, 0x0000000800000000)
  region size 1024K, 11 young (11264K), 11 survivors (11264K)
 Metaspace       used 20700K, capacity 21130K, committed 21248K, reserved 405504K
  class space    used 2422K, capacity 2560K, committed 2560K, reserved 385024K
}
Event: 2.469 GC heap before
{Heap before GC invocations=3 (full 0):
 garbage-first heap   total 262144K, used 90869K [0x00000007e0000000, 0x0000000800000000)
  region size 1024K, 81 young (82944K), 11 survivors (11264K)
 Metaspace       used 25808K, capacity 26452K, committed 26624K, reserved 409600K
  class space    used 3250K, capacity 3508K, committed 3584K, reserved 385024K
}
Event: 2.478 GC heap after
{Heap after GC invocations=4 (full 0):
 garbage-first heap   total 262144K, used 21644K [0x00000007e0000000, 0x0000000800000000)
  region size 1024K, 3 young (3072K), 3 survivors (3072K)
 Metaspace       used 25808K, capacity 26452K, committed 26624K, reserved 409600K
  class space    used 3250K, capacity 3508K, committed 3584K, reserved 385024K
}
Event: 3.539 GC heap before
{Heap before GC invocations=4 (full 0):
 garbage-first heap   total 262144K, used 144524K [0x00000007e0000000, 0x0000000800000000)
  region size 1024K, 124 young (126976K), 3 survivors (3072K)
 Metaspace       used 34742K, capacity 35599K, committed 35628K, reserved 415744K
  class space    used 4618K, capacity 4990K, committed 4992K, reserved 385024K
}
Event: 3.549 GC heap after
{Heap after GC invocations=5 (full 0):
 garbage-first heap   total 262144K, used 24183K [0x00000007e0000000, 0x0000000800000000)
  region size 1024K, 5 young (5120K), 5 survivors (5120K)
 Metaspace       used 34742K, capacity 35599K, committed 35628K, reserved 415744K
  class space    used 4618K, capacity 4990K, committed 4992K, reserved 385024K
}
Event: 5.085 GC heap before
{Heap before GC invocations=6 (full 0):
 garbage-first heap   total 262144K, used 179831K [0x00000007e0000000, 0x0000000800000000)
  region size 1024K, 153 young (156672K), 5 survivors (5120K)
 Metaspace       used 47800K, capacity 49203K, committed 49400K, reserved 428032K
  class space    used 6179K, capacity 6732K, committed 6784K, reserved 385024K
}
Event: 5.101 GC heap after
{Heap after GC invocations=7 (full 0):
 garbage-first heap   total 262144K, used 33871K [0x00000007e0000000, 0x0000000800000000)
  region size 1024K, 15 young (15360K), 15 survivors (15360K)
 Metaspace       used 47800K, capacity 49203K, committed 49400K, reserved 428032K
  class space    used 6179K, capacity 6732K, committed 6784K, reserved 385024K
}
Event: 6.219 GC heap before
{Heap before GC invocations=7 (full 0):
 garbage-first heap   total 262144K, used 176207K [0x00000007e0000000, 0x0000000800000000)
  region size 1024K, 153 young (156672K), 15 survivors (15360K)
 Metaspace       used 57626K, capacity 59523K, committed 59768K, reserved 438272K
  class space    used 7606K, capacity 8362K, committed 8448K, reserved 385024K
}
Event: 6.234 GC heap after
{Heap after GC invocations=8 (full 0):
 garbage-first heap   total 262144K, used 38646K [0x00000007e0000000, 0x0000000800000000)
  region size 1024K, 15 young (15360K), 15 survivors (15360K)
 Metaspace       used 57626K, capacity 59523K, committed 59768K, reserved 438272K
  class space    used 7606K, capacity 8362K, committed 8448K, reserved 385024K
}
Event: 6.266 GC heap before
{Heap before GC invocations=8 (full 0):
 garbage-first heap   total 262144K, used 44790K [0x00000007e0000000, 0x0000000800000000)
  region size 1024K, 22 young (22528K), 15 survivors (15360K)
 Metaspace       used 57999K, capacity 59843K, committed 59936K, reserved 438272K
  class space    used 7663K, capacity 8426K, committed 8448K, reserved 385024K
}
Event: 6.279 GC heap after
{Heap after GC invocations=9 (full 0):
 garbage-first heap   total 262144K, used 39563K [0x00000007e0000000, 0x0000000800000000)
  region size 1024K, 7 young (7168K), 7 survivors (7168K)
 Metaspace       used 57999K, capacity 59843K, committed 59936K, reserved 438272K
  class space    used 7663K, capacity 8426K, committed 8448K, reserved 385024K
}

