# JRE version: OpenJDK Runtime Environment Temurin-11.0.19+7 (11.0.19+7) (build 11.0.19+7)
# Java VM: OpenJDK 64-Bit Server VM Temurin-11.0.19+7 (11.0.19+7, mixed mode, tiered, compressed oops, g1 gc, bsd-amd64)
Heap:
 garbage-first heap   total 262144K, used 171321K [0x00000007e0000000, 0x0000000800000000)
  region size 1024K, 137 young (140288K), 7 survivors (7168K)
 Metaspace       used 64945K, capacity 67227K, committed 67408K, reserved 444416K
  class space    used 8640K, capacity 9551K, committed 9600K, reserved 385024K
GC Heap History (16 events):
Event: 0.860 GC heap before
{Heap before GC invocations=0 (full 0):
 garbage-first heap   total 262144K, used 27648K [0x00000007e0000000, 0x0000000800000000)
  region size 1024K, 24 young (24576K), 0 survivors (0K)
 Metaspace       used 8207K, capacity 8355K, committed 8576K, reserved 393216K
  class space    used 747K, capacity 826K, committed 896K, reserved 385024K
}
Event: 0.865 GC heap after
{Heap after GC invocations=1 (full 0):
 garbage-first heap   total 262144K, used 10464K [0x00000007e0000000, 0x0000000800000000)
  region size 1024K, 3 young (3072K), 3 survivors (3072K)
 Metaspace       used 8207K, capacity 8355K, committed 8576K, reserved 393216K
  class space    used 747K, capacity 826K, committed 896K, reserved 385024K
}
Event: 2.108 GC heap before
{Heap before GC invocations=1 (full 0):
 garbage-first heap   total 262144K, used 120032K [0x00000007e0000000, 0x0000000800000000)
  region size 1024K, 109 young (111616K), 3 survivors (3072K)
 Metaspace       used 20701K, capacity 21130K, committed 21248K, reserved 405504K
  class space    used 2422K, capacity 2560K, committed 2560K, reserved 385024K
}
Event: 2.119 GC heap after
{Heap after GC invocations=2 (full 0):
 garbage-first heap   total 262144K, used 19354K [0x00000007e0000000, 0x0000000800000000)
  region size 1024K, 11 young (11264K), 11 survivors (11264K)
 Metaspace       used 20701K, capacity 21130K, committed 21248K, reserved 405504K
  class space    used 2422K, capacity 2560K, committed 2560K, reserved 385024K
}
Event: 2.614 GC heap before
{Heap before GC invocations=3 (full 0):
 garbage-first heap   total 262144K, used 88986K [0x00000007e0000000, 0x0000000800000000)
  region size 1024K, 79 young (80896K), 11 survivors (11264K)
 Metaspace       used 25733K, capacity 26388K, committed 26620K, reserved 409600K
  class space    used 3237K, capacity 3508K, committed 3584K, reserved 385024K
}
Event: 2.625 GC heap after
{Heap after GC invocations=4 (full 0):
 garbage-first heap   total 262144K, used 21290K [0x00000007e0000000, 0x0000000800000000)
  region size 1024K, 3 young (3072K), 3 survivors (3072K)
 Metaspace       used 25733K, capacity 26388K, committed 26620K, reserved 409600K
  class space    used 3237K, capacity 3508K, committed 3584K, reserved 385024K
}
Event: 3.443 GC heap before
{Heap before GC invocations=4 (full 0):
 garbage-first heap   total 262144K, used 135978K [0x00000007e0000000, 0x0000000800000000)
  region size 1024K, 115 young (117760K), 3 survivors (3072K)
 Metaspace       used 33587K, capacity 34425K, committed 34556K, reserved 415744K
  class space    used 4436K, capacity 4766K, committed 4864K, reserved 385024K
}
Event: 3.448 GC heap after
{Heap after GC invocations=5 (full 0):
 garbage-first heap   total 262144K, used 23717K [0x00000007e0000000, 0x0000000800000000)
  region size 1024K, 5 young (5120K), 5 survivors (5120K)
 Metaspace       used 33587K, capacity 34425K, committed 34556K, reserved 415744K
  class space    used 4436K, capacity 4766K, committed 4864K, reserved 385024K
}
Event: 3.576 GC heap before
{Heap before GC invocations=5 (full 0):
 garbage-first heap   total 262144K, used 36005K [0x00000007e0000000, 0x0000000800000000)
  region size 1024K, 18 young (18432K), 5 survivors (5120K)
 Metaspace       used 35010K, capacity 35915K, committed 36048K, reserved 417792K
  class space    used 4663K, capacity 5055K, committed 5120K, reserved 385024K
}
Event: 3.582 GC heap after
{Heap after GC invocations=6 (full 0):
 garbage-first heap   total 262144K, used 24115K [0x00000007e0000000, 0x0000000800000000)
  region size 1024K, 6 young (6144K), 6 survivors (6144K)
 Metaspace       used 35010K, capacity 35915K, committed 36048K, reserved 417792K
  class space    used 4663K, capacity 5055K, committed 5120K, reserved 385024K
}
Event: 4.794 GC heap before
{Heap before GC invocations=7 (full 0):
 garbage-first heap   total 262144K, used 149043K [0x00000007e0000000, 0x0000000800000000)
  region size 1024K, 124 young (126976K), 6 survivors (6144K)
 Metaspace       used 46284K, capacity 47571K, committed 47696K, reserved 428032K
  class space    used 5940K, capacity 6463K, committed 6528K, reserved 385024K
}
Event: 4.809 GC heap after
{Heap after GC invocations=8 (full 0):
 garbage-first heap   total 262144K, used 32882K [0x00000007e0000000, 0x0000000800000000)
  region size 1024K, 14 young (14336K), 14 survivors (14336K)
 Metaspace       used 46284K, capacity 47571K, committed 47696K, reserved 428032K
  class space    used 5940K, capacity 6463K, committed 6528K, reserved 385024K
}
Event: 5.935 GC heap before
{Heap before GC invocations=8 (full 0):
 garbage-first heap   total 262144K, used 164978K [0x00000007e0000000, 0x0000000800000000)
  region size 1024K, 142 young (145408K), 14 survivors (14336K)
 Metaspace       used 54988K, capacity 56734K, committed 57040K, reserved 434176K
  class space    used 7215K, capacity 7882K, committed 7936K, reserved 385024K
}
Event: 5.951 GC heap after
{Heap after GC invocations=9 (full 0):
 garbage-first heap   total 262144K, used 37810K [0x00000007e0000000, 0x0000000800000000)
  region size 1024K, 14 young (14336K), 14 survivors (14336K)
 Metaspace       used 54988K, capacity 56734K, committed 57040K, reserved 434176K
  class space    used 7215K, capacity 7882K, committed 7936K, reserved 385024K
}
Event: 6.337 GC heap before
{Heap before GC invocations=9 (full 0):
 garbage-first heap   total 262144K, used 90034K [0x00000007e0000000, 0x0000000800000000)
  region size 1024K, 66 young (67584K), 14 survivors (14336K)
 Metaspace       used 58503K, capacity 60320K, committed 60496K, reserved 438272K
  class space    used 7726K, capacity 8458K, committed 8576K, reserved 385024K
}
Event: 6.352 GC heap after
{Heap after GC invocations=10 (full 0):
 garbage-first heap   total 262144K, used 39225K [0x00000007e0000000, 0x0000000800000000)
  region size 1024K, 7 young (7168K), 7 survivors (7168K)
 Metaspace       used 58503K, capacity 60320K, committed 60496K, reserved 438272K
  class space    used 7726K, capacity 8458K, committed 8576K, reserved 385024K
}

