# JRE version: OpenJDK Runtime Environment Temurin-11.0.19+7 (11.0.19+7) (build 11.0.19+7)
# Java VM: OpenJDK 64-Bit Server VM Temurin-11.0.19+7 (11.0.19+7, mixed mode, tiered, compressed oops, g1 gc, bsd-amd64)
Heap:
 garbage-first heap   total 262144K, used 174233K [0x00000007e0000000, 0x0000000800000000)
  region size 1024K, 141 young (144384K), 7 survivors (7168K)
 Metaspace       used 65002K, capacity 67382K, committed 67664K, reserved 444416K
  class space    used 8655K, capacity 9559K, committed 9600K, reserved 385024K
GC Heap History (16 events):
Event: 0.508 GC heap before
{Heap before GC invocations=0 (full 0):
 garbage-first heap   total 262144K, used 27648K [0x00000007e0000000, 0x0000000800000000)
  region size 1024K, 24 young (24576K), 0 survivors (0K)
 Metaspace       used 8123K, capacity 8256K, committed 8576K, reserved 393216K
  class space    used 740K, capacity 793K, committed 896K, reserved 385024K
}
Event: 0.512 GC heap after
{Heap after GC invocations=1 (full 0):
 garbage-first heap   total 262144K, used 10719K [0x00000007e0000000, 0x0000000800000000)
  region size 1024K, 3 young (3072K), 3 survivors (3072K)
 Metaspace       used 8123K, capacity 8256K, committed 8576K, reserved 393216K
  class space    used 740K, capacity 793K, committed 896K, reserved 385024K
}
Event: 1.827 GC heap before
{Heap before GC invocations=1 (full 0):
 garbage-first heap   total 262144K, used 121311K [0x00000007e0000000, 0x0000000800000000)
  region size 1024K, 110 young (112640K), 3 survivors (3072K)
 Metaspace       used 20717K, capacity 21130K, committed 21248K, reserved 405504K
  class space    used 2422K, capacity 2560K, committed 2560K, reserved 385024K
}
Event: 1.837 GC heap after
{Heap after GC invocations=2 (full 0):
 garbage-first heap   total 262144K, used 19789K [0x00000007e0000000, 0x0000000800000000)
  region size 1024K, 11 young (11264K), 11 survivors (11264K)
 Metaspace       used 20717K, capacity 21130K, committed 21248K, reserved 405504K
  class space    used 2422K, capacity 2560K, committed 2560K, reserved 385024K
}
Event: 2.087 GC heap before
{Heap before GC invocations=3 (full 0):
 garbage-first heap   total 262144K, used 60749K [0x00000007e0000000, 0x0000000800000000)
  region size 1024K, 51 young (52224K), 11 survivors (11264K)
 Metaspace       used 23998K, capacity 24614K, committed 24956K, reserved 407552K
  class space    used 2943K, capacity 3175K, committed 3200K, reserved 385024K
}
Event: 2.096 GC heap after
{Heap after GC invocations=4 (full 0):
 garbage-first heap   total 262144K, used 20825K [0x00000007e0000000, 0x0000000800000000)
  region size 1024K, 2 young (2048K), 2 survivors (2048K)
 Metaspace       used 23998K, capacity 24614K, committed 24956K, reserved 407552K
  class space    used 2943K, capacity 3175K, committed 3200K, reserved 385024K
}
Event: 2.668 GC heap before
{Heap before GC invocations=4 (full 0):
 garbage-first heap   total 262144K, used 116057K [0x00000007e0000000, 0x0000000800000000)
  region size 1024K, 95 young (97280K), 2 survivors (2048K)
 Metaspace       used 30181K, capacity 30917K, committed 31100K, reserved 413696K
  class space    used 3928K, capacity 4209K, committed 4224K, reserved 385024K
}
Event: 2.672 GC heap after
{Heap after GC invocations=5 (full 0):
 garbage-first heap   total 262144K, used 23154K [0x00000007e0000000, 0x0000000800000000)
  region size 1024K, 4 young (4096K), 4 survivors (4096K)
 Metaspace       used 30181K, capacity 30917K, committed 31100K, reserved 413696K
  class space    used 3928K, capacity 4209K, committed 4224K, reserved 385024K
}
Event: 3.086 GC heap before
{Heap before GC invocations=5 (full 0):
 garbage-first heap   total 262144K, used 82546K [0x00000007e0000000, 0x0000000800000000)
  region size 1024K, 63 young (64512K), 4 survivors (4096K)
 Metaspace       used 35027K, capacity 35919K, committed 36048K, reserved 417792K
  class space    used 4664K, capacity 5056K, committed 5120K, reserved 385024K
}
Event: 3.094 GC heap after
{Heap after GC invocations=6 (full 0):
 garbage-first heap   total 262144K, used 24606K [0x00000007e0000000, 0x0000000800000000)
  region size 1024K, 6 young (6144K), 6 survivors (6144K)
 Metaspace       used 35027K, capacity 35919K, committed 36048K, reserved 417792K
  class space    used 4664K, capacity 5056K, committed 5120K, reserved 385024K
}
Event: 4.164 GC heap before
{Heap before GC invocations=7 (full 0):
 garbage-first heap   total 262144K, used 149534K [0x00000007e0000000, 0x0000000800000000)
  region size 1024K, 124 young (126976K), 6 survivors (6144K)
 Metaspace       used 46321K, capacity 47639K, committed 47952K, reserved 428032K
  class space    used 5951K, capacity 6465K, committed 6528K, reserved 385024K
}
Event: 4.178 GC heap after
{Heap after GC invocations=8 (full 0):
 garbage-first heap   total 262144K, used 33321K [0x00000007e0000000, 0x0000000800000000)
  region size 1024K, 14 young (14336K), 14 survivors (14336K)
 Metaspace       used 46321K, capacity 47639K, committed 47952K, reserved 428032K
  class space    used 5951K, capacity 6465K, committed 6528K, reserved 385024K
}
Event: 5.347 GC heap before
{Heap before GC invocations=8 (full 0):
 garbage-first heap   total 262144K, used 173609K [0x00000007e0000000, 0x0000000800000000)
  region size 1024K, 150 young (153600K), 14 survivors (14336K)
 Metaspace       used 55519K, capacity 57306K, committed 57680K, reserved 436224K
  class space    used 7306K, capacity 8029K, committed 8064K, reserved 385024K
}
Event: 5.364 GC heap after
{Heap after GC invocations=9 (full 0):
 garbage-first heap   total 262144K, used 37707K [0x00000007e0000000, 0x0000000800000000)
  region size 1024K, 14 young (14336K), 14 survivors (14336K)
 Metaspace       used 55519K, capacity 57306K, committed 57680K, reserved 436224K
  class space    used 7306K, capacity 8029K, committed 8064K, reserved 385024K
}
Event: 5.656 GC heap before
{Heap before GC invocations=9 (full 0):
 garbage-first heap   total 262144K, used 76619K [0x00000007e0000000, 0x0000000800000000)
  region size 1024K, 53 young (54272K), 14 survivors (14336K)
 Metaspace       used 58302K, capacity 60194K, committed 60496K, reserved 438272K
  class space    used 7703K, capacity 8458K, committed 8576K, reserved 385024K
}
Event: 5.672 GC heap after
{Heap after GC invocations=10 (full 0):
 garbage-first heap   total 262144K, used 39065K [0x00000007e0000000, 0x0000000800000000)
  region size 1024K, 7 young (7168K), 7 survivors (7168K)
 Metaspace       used 58302K, capacity 60194K, committed 60496K, reserved 438272K
  class space    used 7703K, capacity 8458K, committed 8576K, reserved 385024K
}

