# JRE version: OpenJDK Runtime Environment Temurin-11.0.19+7 (11.0.19+7) (build 11.0.19+7)
# Java VM: OpenJDK 64-Bit Server VM Temurin-11.0.19+7 (11.0.19+7, mixed mode, tiered, compressed oops, g1 gc, bsd-amd64)
Heap:
 garbage-first heap   total 262144K, used 165281K [0x00000007e0000000, 0x0000000800000000)
  region size 1024K, 120 young (122880K), 9 survivors (9216K)
 Metaspace       used 72812K, capacity 75498K, committed 75628K, reserved 450560K
  class space    used 9621K, capacity 10677K, committed 10688K, reserved 385024K
GC Heap History (20 events):
Event: 0.429 GC heap before
{Heap before GC invocations=0 (full 0):
 garbage-first heap   total 262144K, used 27648K [0x00000007e0000000, 0x0000000800000000)
  region size 1024K, 24 young (24576K), 0 survivors (0K)
 Metaspace       used 8109K, capacity 8256K, committed 8576K, reserved 393216K
  class space    used 737K, capacity 793K, committed 896K, reserved 385024K
}
Event: 0.432 GC heap after
{Heap after GC invocations=1 (full 0):
 garbage-first heap   total 262144K, used 10450K [0x00000007e0000000, 0x0000000800000000)
  region size 1024K, 3 young (3072K), 3 survivors (3072K)
 Metaspace       used 8109K, capacity 8256K, committed 8576K, reserved 393216K
  class space    used 737K, capacity 793K, committed 896K, reserved 385024K
}
Event: 1.677 GC heap before
{Heap before GC invocations=1 (full 0):
 garbage-first heap   total 262144K, used 121042K [0x00000007e0000000, 0x0000000800000000)
  region size 1024K, 110 young (112640K), 3 survivors (3072K)
 Metaspace       used 20718K, capacity 21130K, committed 21248K, reserved 405504K
  class space    used 2422K, capacity 2560K, committed 2560K, reserved 385024K
}
Event: 1.688 GC heap after
{Heap after GC invocations=2 (full 0):
 garbage-first heap   total 262144K, used 19506K [0x00000007e0000000, 0x0000000800000000)
  region size 1024K, 11 young (11264K), 11 survivors (11264K)
 Metaspace       used 20718K, capacity 21130K, committed 21248K, reserved 405504K
  class space    used 2422K, capacity 2560K, committed 2560K, reserved 385024K
}
Event: 2.077 GC heap before
{Heap before GC invocations=3 (full 0):
 garbage-first heap   total 262144K, used 86066K [0x00000007e0000000, 0x0000000800000000)
  region size 1024K, 76 young (77824K), 11 survivors (11264K)
 Metaspace       used 25601K, capacity 26256K, committed 26496K, reserved 409600K
  class space    used 3208K, capacity 3443K, committed 3456K, reserved 385024K
}
Event: 2.086 GC heap after
{Heap after GC invocations=4 (full 0):
 garbage-first heap   total 262144K, used 21012K [0x00000007e0000000, 0x0000000800000000)
  region size 1024K, 3 young (3072K), 3 survivors (3072K)
 Metaspace       used 25601K, capacity 26256K, committed 26496K, reserved 409600K
  class space    used 3208K, capacity 3443K, committed 3456K, reserved 385024K
}
Event: 2.764 GC heap before
{Heap before GC invocations=4 (full 0):
 garbage-first heap   total 262144K, used 132628K [0x00000007e0000000, 0x0000000800000000)
  region size 1024K, 112 young (114688K), 3 survivors (3072K)
 Metaspace       used 32938K, capacity 33718K, committed 33920K, reserved 415744K
  class space    used 4351K, capacity 4657K, committed 4736K, reserved 385024K
}
Event: 2.770 GC heap after
{Heap after GC invocations=5 (full 0):
 garbage-first heap   total 262144K, used 23565K [0x00000007e0000000, 0x0000000800000000)
  region size 1024K, 5 young (5120K), 5 survivors (5120K)
 Metaspace       used 32938K, capacity 33718K, committed 33920K, reserved 415744K
  class space    used 4351K, capacity 4657K, committed 4736K, reserved 385024K
}
Event: 2.908 GC heap before
{Heap before GC invocations=5 (full 0):
 garbage-first heap   total 262144K, used 39949K [0x00000007e0000000, 0x0000000800000000)
  region size 1024K, 22 young (22528K), 5 survivors (5120K)
 Metaspace       used 34739K, capacity 35599K, committed 35628K, reserved 415744K
  class space    used 4618K, capacity 4990K, committed 4992K, reserved 385024K
}
Event: 2.915 GC heap after
{Heap after GC invocations=6 (full 0):
 garbage-first heap   total 262144K, used 24179K [0x00000007e0000000, 0x0000000800000000)
  region size 1024K, 6 young (6144K), 6 survivors (6144K)
 Metaspace       used 34739K, capacity 35599K, committed 35628K, reserved 415744K
  class space    used 4618K, capacity 4990K, committed 4992K, reserved 385024K
}
Event: 4.002 GC heap before
{Heap before GC invocations=7 (full 0):
 garbage-first heap   total 262144K, used 157299K [0x00000007e0000000, 0x0000000800000000)
  region size 1024K, 132 young (135168K), 6 survivors (6144K)
 Metaspace       used 46716K, capacity 48040K, committed 48248K, reserved 428032K
  class space    used 6045K, capacity 6556K, committed 6604K, reserved 385024K
}
Event: 4.015 GC heap after
{Heap after GC invocations=8 (full 0):
 garbage-first heap   total 262144K, used 33652K [0x00000007e0000000, 0x0000000800000000)
  region size 1024K, 15 young (15360K), 15 survivors (15360K)
 Metaspace       used 46716K, capacity 48040K, committed 48248K, reserved 428032K
  class space    used 6045K, capacity 6556K, committed 6604K, reserved 385024K
}
Event: 4.481 GC heap before
{Heap before GC invocations=8 (full 0):
 garbage-first heap   total 262144K, used 169844K [0x00000007e0000000, 0x0000000800000000)
  region size 1024K, 148 young (151552K), 15 survivors (15360K)
 Metaspace       used 47183K, capacity 48488K, committed 48504K, reserved 428032K
  class space    used 6088K, capacity 6598K, committed 6604K, reserved 385024K
}
Event: 4.504 GC heap after
{Heap after GC invocations=9 (full 0):
 garbage-first heap   total 262144K, used 39440K [0x00000007e0000000, 0x0000000800000000)
  region size 1024K, 16 young (16384K), 16 survivors (16384K)
 Metaspace       used 47183K, capacity 48488K, committed 48504K, reserved 428032K
  class space    used 6088K, capacity 6598K, committed 6604K, reserved 385024K
}
Event: 5.407 GC heap before
{Heap before GC invocations=9 (full 0):
 garbage-first heap   total 262144K, used 179728K [0x00000007e0000000, 0x0000000800000000)
  region size 1024K, 153 young (156672K), 16 survivors (16384K)
 Metaspace       used 51495K, capacity 53033K, committed 53112K, reserved 432128K
  class space    used 6511K, capacity 7079K, committed 7116K, reserved 385024K
}
Event: 5.425 GC heap after
{Heap after GC invocations=10 (full 0):
 garbage-first heap   total 262144K, used 45402K [0x00000007e0000000, 0x0000000800000000)
  region size 1024K, 14 young (14336K), 14 survivors (14336K)
 Metaspace       used 51495K, capacity 53033K, committed 53112K, reserved 432128K
  class space    used 6511K, capacity 7079K, committed 7116K, reserved 385024K
}
Event: 6.359 GC heap before
{Heap before GC invocations=10 (full 0):
 garbage-first heap   total 262144K, used 164186K [0x00000007e0000000, 0x0000000800000000)
  region size 1024K, 131 young (134144K), 14 survivors (14336K)
 Metaspace       used 57926K, capacity 59850K, committed 59896K, reserved 438272K
  class space    used 7456K, capacity 8225K, committed 8268K, reserved 385024K
}
Event: 6.375 GC heap after
{Heap after GC invocations=11 (full 0):
 garbage-first heap   total 262144K, used 49744K [0x00000007e0000000, 0x0000000800000000)
  region size 1024K, 11 young (11264K), 11 survivors (11264K)
 Metaspace       used 57926K, capacity 59850K, committed 59896K, reserved 438272K
  class space    used 7456K, capacity 8225K, committed 8268K, reserved 385024K
}
Event: 7.654 GC heap before
{Heap before GC invocations=12 (full 0):
 garbage-first heap   total 262144K, used 193104K [0x00000007e0000000, 0x0000000800000000)
  region size 1024K, 150 young (153600K), 11 survivors (11264K)
 Metaspace       used 67778K, capacity 70153K, committed 70380K, reserved 446464K
  class space    used 8889K, capacity 9786K, committed 9792K, reserved 385024K
}
Event: 7.669 GC heap after
{Heap after GC invocations=13 (full 0):
 garbage-first heap   total 262144K, used 53665K [0x00000007e0000000, 0x0000000800000000)
  region size 1024K, 9 young (9216K), 9 survivors (9216K)
 Metaspace       used 67778K, capacity 70153K, committed 70380K, reserved 446464K
  class space    used 8889K, capacity 9786K, committed 9792K, reserved 385024K
}

