# JRE version: OpenJDK Runtime Environment Temurin-11.0.19+7 (11.0.19+7) (build 11.0.19+7)
# Java VM: OpenJDK 64-Bit Server VM Temurin-11.0.19+7 (11.0.19+7, mixed mode, tiered, compressed oops, g1 gc, bsd-amd64)
Heap:
 garbage-first heap   total 262144K, used 46265K [0x00000007e0000000, 0x0000000800000000)
  region size 1024K, 15 young (15360K), 14 survivors (14336K)
 Metaspace       used 64976K, capacity 67381K, committed 67488K, reserved 444416K
  class space    used 8646K, capacity 9558K, committed 9600K, reserved 385024K
GC Heap History (14 events):
Event: 0.658 GC heap before
{Heap before GC invocations=0 (full 0):
 garbage-first heap   total 262144K, used 27648K [0x00000007e0000000, 0x0000000800000000)
  region size 1024K, 24 young (24576K), 0 survivors (0K)
 Metaspace       used 8014K, capacity 8192K, committed 8320K, reserved 393216K
  class space    used 721K, capacity 793K, committed 896K, reserved 385024K
}
Event: 0.664 GC heap after
{Heap after GC invocations=1 (full 0):
 garbage-first heap   total 262144K, used 10530K [0x00000007e0000000, 0x0000000800000000)
  region size 1024K, 3 young (3072K), 3 survivors (3072K)
 Metaspace       used 8014K, capacity 8192K, committed 8320K, reserved 393216K
  class space    used 721K, capacity 793K, committed 896K, reserved 385024K
}
Event: 1.752 GC heap before
{Heap before GC invocations=1 (full 0):
 garbage-first heap   total 262144K, used 122146K [0x00000007e0000000, 0x0000000800000000)
  region size 1024K, 111 young (113664K), 3 survivors (3072K)
 Metaspace       used 20703K, capacity 21066K, committed 21248K, reserved 405504K
  class space    used 2422K, capacity 2560K, committed 2560K, reserved 385024K
}
Event: 1.762 GC heap after
{Heap after GC invocations=2 (full 0):
 garbage-first heap   total 262144K, used 19774K [0x00000007e0000000, 0x0000000800000000)
  region size 1024K, 12 young (12288K), 12 survivors (12288K)
 Metaspace       used 20703K, capacity 21066K, committed 21248K, reserved 405504K
  class space    used 2422K, capacity 2560K, committed 2560K, reserved 385024K
}
Event: 2.288 GC heap before
{Heap before GC invocations=3 (full 0):
 garbage-first heap   total 262144K, used 88382K [0x00000007e0000000, 0x0000000800000000)
  region size 1024K, 79 young (80896K), 12 survivors (12288K)
 Metaspace       used 25690K, capacity 26356K, committed 26624K, reserved 409600K
  class space    used 3229K, capacity 3476K, committed 3584K, reserved 385024K
}
Event: 2.296 GC heap after
{Heap after GC invocations=4 (full 0):
 garbage-first heap   total 262144K, used 21250K [0x00000007e0000000, 0x0000000800000000)
  region size 1024K, 3 young (3072K), 3 survivors (3072K)
 Metaspace       used 25690K, capacity 26356K, committed 26624K, reserved 409600K
  class space    used 3229K, capacity 3476K, committed 3584K, reserved 385024K
}
Event: 3.265 GC heap before
{Heap before GC invocations=4 (full 0):
 garbage-first heap   total 262144K, used 147202K [0x00000007e0000000, 0x0000000800000000)
  region size 1024K, 127 young (130048K), 3 survivors (3072K)
 Metaspace       used 34720K, capacity 35599K, committed 35628K, reserved 415744K
  class space    used 4618K, capacity 4990K, committed 4992K, reserved 385024K
}
Event: 3.277 GC heap after
{Heap after GC invocations=5 (full 0):
 garbage-first heap   total 262144K, used 24020K [0x00000007e0000000, 0x0000000800000000)
  region size 1024K, 6 young (6144K), 6 survivors (6144K)
 Metaspace       used 34720K, capacity 35599K, committed 35628K, reserved 415744K
  class space    used 4618K, capacity 4990K, committed 4992K, reserved 385024K
}
Event: 4.466 GC heap before
{Heap before GC invocations=6 (full 0):
 garbage-first heap   total 262144K, used 178644K [0x00000007e0000000, 0x0000000800000000)
  region size 1024K, 153 young (156672K), 6 survivors (6144K)
 Metaspace       used 47787K, capacity 49260K, committed 49400K, reserved 428032K
  class space    used 6176K, capacity 6729K, committed 6784K, reserved 385024K
}
Event: 4.479 GC heap after
{Heap after GC invocations=7 (full 0):
 garbage-first heap   total 262144K, used 33642K [0x00000007e0000000, 0x0000000800000000)
  region size 1024K, 15 young (15360K), 15 survivors (15360K)
 Metaspace       used 47787K, capacity 49260K, committed 49400K, reserved 428032K
  class space    used 6176K, capacity 6729K, committed 6784K, reserved 385024K
}
Event: 5.432 GC heap before
{Heap before GC invocations=7 (full 0):
 garbage-first heap   total 262144K, used 175978K [0x00000007e0000000, 0x0000000800000000)
  region size 1024K, 153 young (156672K), 15 survivors (15360K)
 Metaspace       used 57582K, capacity 59555K, committed 59936K, reserved 438272K
  class space    used 7594K, capacity 8330K, committed 8448K, reserved 385024K
}
Event: 5.444 GC heap after
{Heap after GC invocations=8 (full 0):
 garbage-first heap   total 262144K, used 38386K [0x00000007e0000000, 0x0000000800000000)
  region size 1024K, 15 young (15360K), 15 survivors (15360K)
 Metaspace       used 57582K, capacity 59555K, committed 59936K, reserved 438272K
  class space    used 7594K, capacity 8330K, committed 8448K, reserved 385024K
}
Event: 5.461 GC heap before
{Heap before GC invocations=8 (full 0):
 garbage-first heap   total 262144K, used 41458K [0x00000007e0000000, 0x0000000800000000)
  region size 1024K, 19 young (19456K), 15 survivors (15360K)
 Metaspace       used 57777K, capacity 59715K, committed 59936K, reserved 438272K
  class space    used 7624K, capacity 8362K, committed 8448K, reserved 385024K
}
Event: 5.474 GC heap after
{Heap after GC invocations=9 (full 0):
 garbage-first heap   total 262144K, used 38510K [0x00000007e0000000, 0x0000000800000000)
  region size 1024K, 6 young (6144K), 6 survivors (6144K)
 Metaspace       used 57777K, capacity 59715K, committed 59936K, reserved 438272K
  class space    used 7624K, capacity 8362K, committed 8448K, reserved 385024K
}

