# JRE version: OpenJDK Runtime Environment Temurin-11.0.19+7 (11.0.19+7) (build 11.0.19+7)
# Java VM: OpenJDK 64-Bit Server VM Temurin-11.0.19+7 (11.0.19+7, mixed mode, tiered, compressed oops, g1 gc, bsd-amd64)
Heap:
 garbage-first heap   total 262144K, used 61176K [0x00000007e0000000, 0x0000000800000000)
  region size 1024K, 30 young (30720K), 14 survivors (14336K)
 Metaspace       used 65159K, capacity 67577K, committed 67832K, reserved 444416K
  class space    used 8659K, capacity 9557K, committed 9600K, reserved 385024K
GC Heap History (16 events):
Event: 0.554 GC heap before
{Heap before GC invocations=0 (full 0):
 garbage-first heap   total 262144K, used 27648K [0x00000007e0000000, 0x0000000800000000)
  region size 1024K, 24 young (24576K), 0 survivors (0K)
 Metaspace       used 8103K, capacity 8256K, committed 8576K, reserved 393216K
  class space    used 738K, capacity 793K, committed 896K, reserved 385024K
}
Event: 0.559 GC heap after
{Heap after GC invocations=1 (full 0):
 garbage-first heap   total 262144K, used 10913K [0x00000007e0000000, 0x0000000800000000)
  region size 1024K, 3 young (3072K), 3 survivors (3072K)
 Metaspace       used 8103K, capacity 8256K, committed 8576K, reserved 393216K
  class space    used 738K, capacity 793K, committed 896K, reserved 385024K
}
Event: 1.691 GC heap before
{Heap before GC invocations=1 (full 0):
 garbage-first heap   total 262144K, used 121505K [0x00000007e0000000, 0x0000000800000000)
  region size 1024K, 110 young (112640K), 3 survivors (3072K)
 Metaspace       used 20693K, capacity 21066K, committed 21248K, reserved 405504K
  class space    used 2422K, capacity 2560K, committed 2560K, reserved 385024K
}
Event: 1.707 GC heap after
{Heap after GC invocations=2 (full 0):
 garbage-first heap   total 262144K, used 19646K [0x00000007e0000000, 0x0000000800000000)
  region size 1024K, 11 young (11264K), 11 survivors (11264K)
 Metaspace       used 20693K, capacity 21066K, committed 21248K, reserved 405504K
  class space    used 2422K, capacity 2560K, committed 2560K, reserved 385024K
}
Event: 2.058 GC heap before
{Heap before GC invocations=3 (full 0):
 garbage-first heap   total 262144K, used 65726K [0x00000007e0000000, 0x0000000800000000)
  region size 1024K, 56 young (57344K), 11 survivors (11264K)
 Metaspace       used 24150K, capacity 24710K, committed 25088K, reserved 407552K
  class space    used 2976K, capacity 3207K, committed 3328K, reserved 385024K
}
Event: 2.066 GC heap after
{Heap after GC invocations=4 (full 0):
 garbage-first heap   total 262144K, used 20742K [0x00000007e0000000, 0x0000000800000000)
  region size 1024K, 2 young (2048K), 2 survivors (2048K)
 Metaspace       used 24150K, capacity 24710K, committed 25088K, reserved 407552K
  class space    used 2976K, capacity 3207K, committed 3328K, reserved 385024K
}
Event: 3.047 GC heap before
{Heap before GC invocations=4 (full 0):
 garbage-first heap   total 262144K, used 133382K [0x00000007e0000000, 0x0000000800000000)
  region size 1024K, 112 young (114688K), 2 survivors (2048K)
 Metaspace       used 31727K, capacity 32454K, committed 32768K, reserved 413696K
  class space    used 4178K, capacity 4490K, committed 4608K, reserved 385024K
}
Event: 3.051 GC heap after
{Heap after GC invocations=5 (full 0):
 garbage-first heap   total 262144K, used 23590K [0x00000007e0000000, 0x0000000800000000)
  region size 1024K, 5 young (5120K), 5 survivors (5120K)
 Metaspace       used 31727K, capacity 32454K, committed 32768K, reserved 413696K
  class space    used 4178K, capacity 4490K, committed 4608K, reserved 385024K
}
Event: 3.308 GC heap before
{Heap before GC invocations=5 (full 0):
 garbage-first heap   total 262144K, used 58406K [0x00000007e0000000, 0x0000000800000000)
  region size 1024K, 40 young (40960K), 5 survivors (5120K)
 Metaspace       used 34724K, capacity 35599K, committed 35628K, reserved 415744K
  class space    used 4618K, capacity 4990K, committed 4992K, reserved 385024K
}
Event: 3.315 GC heap after
{Heap after GC invocations=6 (full 0):
 garbage-first heap   total 262144K, used 24478K [0x00000007e0000000, 0x0000000800000000)
  region size 1024K, 6 young (6144K), 6 survivors (6144K)
 Metaspace       used 34724K, capacity 35599K, committed 35628K, reserved 415744K
  class space    used 4618K, capacity 4990K, committed 4992K, reserved 385024K
}
Event: 4.809 GC heap before
{Heap before GC invocations=7 (full 0):
 garbage-first heap   total 262144K, used 176030K [0x00000007e0000000, 0x0000000800000000)
  region size 1024K, 150 young (153600K), 6 survivors (6144K)
 Metaspace       used 47734K, capacity 49175K, committed 49400K, reserved 428032K
  class space    used 6178K, capacity 6728K, committed 6784K, reserved 385024K
}
Event: 4.834 GC heap after
{Heap after GC invocations=8 (full 0):
 garbage-first heap   total 262144K, used 32465K [0x00000007e0000000, 0x0000000800000000)
  region size 1024K, 13 young (13312K), 13 survivors (13312K)
 Metaspace       used 47734K, capacity 49175K, committed 49400K, reserved 428032K
  class space    used 6178K, capacity 6728K, committed 6784K, reserved 385024K
}
Event: 6.647 GC heap before
{Heap before GC invocations=9 (full 0):
 garbage-first heap   total 262144K, used 177873K [0x00000007e0000000, 0x0000000800000000)
  region size 1024K, 153 young (156672K), 13 survivors (13312K)
 Metaspace       used 57250K, capacity 59235K, committed 59384K, reserved 436224K
  class space    used 7560K, capacity 8265K, committed 8320K, reserved 385024K
}
Event: 6.669 GC heap after
{Heap after GC invocations=10 (full 0):
 garbage-first heap   total 262144K, used 39085K [0x00000007e0000000, 0x0000000800000000)
  region size 1024K, 16 young (16384K), 16 survivors (16384K)
 Metaspace       used 57250K, capacity 59235K, committed 59384K, reserved 436224K
  class space    used 7560K, capacity 8265K, committed 8320K, reserved 385024K
}
Event: 7.837 GC heap before
{Heap before GC invocations=10 (full 0):
 garbage-first heap   total 262144K, used 179373K [0x00000007e0000000, 0x0000000800000000)
  region size 1024K, 153 young (156672K), 16 survivors (16384K)
 Metaspace       used 63890K, capacity 66091K, committed 66296K, reserved 442368K
  class space    used 8442K, capacity 9303K, committed 9344K, reserved 385024K
}
Event: 7.854 GC heap after
{Heap after GC invocations=11 (full 0):
 garbage-first heap   total 262144K, used 45816K [0x00000007e0000000, 0x0000000800000000)
  region size 1024K, 14 young (14336K), 14 survivors (14336K)
 Metaspace       used 63890K, capacity 66091K, committed 66296K, reserved 442368K
  class space    used 8442K, capacity 9303K, committed 9344K, reserved 385024K
}

