# JRE version: OpenJDK Runtime Environment Temurin-11.0.19+7 (11.0.19+7) (build 11.0.19+7)
# Java VM: OpenJDK 64-Bit Server VM Temurin-11.0.19+7 (11.0.19+7, mixed mode, tiered, compressed oops, g1 gc, bsd-amd64)
Heap:
 garbage-first heap   total 262144K, used 133016K [0x00000007e0000000, 0x0000000800000000)
  region size 1024K, 16 young (16384K), 11 survivors (11264K)
 Metaspace       used 86792K, capacity 90453K, committed 90588K, reserved 462848K
  class space    used 11590K, capacity 12904K, committed 12928K, reserved 385024K
GC Heap History (20 events):
Event: 12.082 GC heap before
{Heap before GC invocations=12 (full 0):
 garbage-first heap   total 262144K, used 202644K [0x00000007e0000000, 0x0000000800000000)
  region size 1024K, 131 young (134144K), 14 survivors (14336K)
 Metaspace       used 73186K, capacity 76029K, committed 76252K, reserved 450560K
  class space    used 9793K, capacity 10830K, committed 10880K, reserved 385024K
}
Event: 12.095 GC heap after
{Heap after GC invocations=13 (full 0):
 garbage-first heap   total 262144K, used 90143K [0x00000007e0000000, 0x0000000800000000)
  region size 1024K, 15 young (15360K), 15 survivors (15360K)
 Metaspace       used 73186K, capacity 76029K, committed 76252K, reserved 450560K
  class space    used 9793K, capacity 10830K, committed 10880K, reserved 385024K
}
Event: 13.073 GC heap before
{Heap before GC invocations=13 (full 0):
 garbage-first heap   total 262144K, used 200735K [0x00000007e0000000, 0x0000000800000000)
  region size 1024K, 124 young (126976K), 15 survivors (15360K)
 Metaspace       used 75359K, capacity 78250K, committed 78428K, reserved 452608K
  class space    used 10076K, capacity 11153K, committed 11264K, reserved 385024K
}
Event: 13.085 GC heap after
{Heap after GC invocations=14 (full 0):
 garbage-first heap   total 262144K, used 94822K [0x00000007e0000000, 0x0000000800000000)
  region size 1024K, 14 young (14336K), 14 survivors (14336K)
 Metaspace       used 75359K, capacity 78250K, committed 78428K, reserved 452608K
  class space    used 10076K, capacity 11153K, committed 11264K, reserved 385024K
}
Event: 13.892 GC heap before
{Heap before GC invocations=14 (full 0):
 garbage-first heap   total 262144K, used 205414K [0x00000007e0000000, 0x0000000800000000)
  region size 1024K, 122 young (124928K), 14 survivors (14336K)
 Metaspace       used 75361K, capacity 78250K, committed 78428K, reserved 452608K
  class space    used 10077K, capacity 11153K, committed 11264K, reserved 385024K
}
Event: 13.909 GC heap after
{Heap after GC invocations=15 (full 0):
 garbage-first heap   total 262144K, used 99600K [0x00000007e0000000, 0x0000000800000000)
  region size 1024K, 12 young (12288K), 12 survivors (12288K)
 Metaspace       used 75361K, capacity 78250K, committed 78428K, reserved 452608K
  class space    used 10077K, capacity 11153K, committed 11264K, reserved 385024K
}
Event: 14.497 GC heap before
{Heap before GC invocations=15 (full 0):
 garbage-first heap   total 262144K, used 208144K [0x00000007e0000000, 0x0000000800000000)
  region size 1024K, 118 young (120832K), 12 survivors (12288K)
 Metaspace       used 75371K, capacity 78250K, committed 78428K, reserved 452608K
  class space    used 10077K, capacity 11153K, committed 11264K, reserved 385024K
}
Event: 14.508 GC heap after
{Heap after GC invocations=16 (full 0):
 garbage-first heap   total 262144K, used 104007K [0x00000007e0000000, 0x0000000800000000)
  region size 1024K, 12 young (12288K), 12 survivors (12288K)
 Metaspace       used 75371K, capacity 78250K, committed 78428K, reserved 452608K
  class space    used 10077K, capacity 11153K, committed 11264K, reserved 385024K
}
Event: 14.985 GC heap before
{Heap before GC invocations=16 (full 0):
 garbage-first heap   total 262144K, used 210503K [0x00000007e0000000, 0x0000000800000000)
  region size 1024K, 116 young (118784K), 12 survivors (12288K)
 Metaspace       used 75375K, capacity 78250K, committed 78428K, reserved 452608K
  class space    used 10078K, capacity 11153K, committed 11264K, reserved 385024K
}
Event: 14.993 GC heap after
{Heap after GC invocations=17 (full 0):
 garbage-first heap   total 262144K, used 108179K [0x00000007e0000000, 0x0000000800000000)
  region size 1024K, 11 young (11264K), 11 survivors (11264K)
 Metaspace       used 75375K, capacity 78250K, committed 78428K, reserved 452608K
  class space    used 10078K, capacity 11153K, committed 11264K, reserved 385024K
}
Event: 15.396 GC heap before
{Heap before GC invocations=17 (full 0):
 garbage-first heap   total 262144K, used 213651K [0x00000007e0000000, 0x0000000800000000)
  region size 1024K, 114 young (116736K), 11 survivors (11264K)
 Metaspace       used 75382K, capacity 78250K, committed 78428K, reserved 452608K
  class space    used 10078K, capacity 11153K, committed 11264K, reserved 385024K
}
Event: 15.405 GC heap after
{Heap after GC invocations=18 (full 0):
 garbage-first heap   total 262144K, used 112153K [0x00000007e0000000, 0x0000000800000000)
  region size 1024K, 11 young (11264K), 11 survivors (11264K)
 Metaspace       used 75382K, capacity 78250K, committed 78428K, reserved 452608K
  class space    used 10078K, capacity 11153K, committed 11264K, reserved 385024K
}
Event: 15.827 GC heap before
{Heap before GC invocations=18 (full 0):
 garbage-first heap   total 262144K, used 213529K [0x00000007e0000000, 0x0000000800000000)
  region size 1024K, 111 young (113664K), 11 survivors (11264K)
 Metaspace       used 76990K, capacity 79936K, committed 80092K, reserved 454656K
  class space    used 10293K, capacity 11383K, committed 11392K, reserved 385024K
}
Event: 15.837 GC heap after
{Heap after GC invocations=19 (full 0):
 garbage-first heap   total 262144K, used 115954K [0x00000007e0000000, 0x0000000800000000)
  region size 1024K, 11 young (11264K), 11 survivors (11264K)
 Metaspace       used 76990K, capacity 79936K, committed 80092K, reserved 454656K
  class space    used 10293K, capacity 11383K, committed 11392K, reserved 385024K
}
Event: 265.846 GC heap before
{Heap before GC invocations=19 (full 0):
 garbage-first heap   total 262144K, used 214258K [0x00000007e0000000, 0x0000000800000000)
  region size 1024K, 108 young (110592K), 11 survivors (11264K)
 Metaspace       used 81707K, capacity 84769K, committed 84956K, reserved 458752K
  class space    used 10988K, capacity 12105K, committed 12160K, reserved 385024K
}
Event: 265.857 GC heap after
{Heap after GC invocations=20 (full 0):
 garbage-first heap   total 262144K, used 118789K [0x00000007e0000000, 0x0000000800000000)
  region size 1024K, 9 young (9216K), 9 survivors (9216K)
 Metaspace       used 81707K, capacity 84769K, committed 84956K, reserved 458752K
  class space    used 10988K, capacity 12105K, committed 12160K, reserved 385024K
}
Event: 266.535 GC heap before
{Heap before GC invocations=20 (full 0):
 garbage-first heap   total 262144K, used 216069K [0x00000007e0000000, 0x0000000800000000)
  region size 1024K, 104 young (106496K), 9 survivors (9216K)
 Metaspace       used 82711K, capacity 85892K, committed 86108K, reserved 460800K
  class space    used 11105K, capacity 12267K, committed 12288K, reserved 385024K
}
Event: 266.545 GC heap after
{Heap after GC invocations=21 (full 0):
 garbage-first heap   total 262144K, used 122010K [0x00000007e0000000, 0x0000000800000000)
  region size 1024K, 9 young (9216K), 9 survivors (9216K)
 Metaspace       used 82711K, capacity 85892K, committed 86108K, reserved 460800K
  class space    used 11105K, capacity 12267K, committed 12288K, reserved 385024K
}
Event: 267.163 GC heap before
{Heap before GC invocations=21 (full 0):
 garbage-first heap   total 262144K, used 218266K [0x00000007e0000000, 0x0000000800000000)
  region size 1024K, 103 young (105472K), 9 survivors (9216K)
 Metaspace       used 86413K, capacity 90054K, committed 90204K, reserved 462848K
  class space    used 11523K, capacity 12794K, committed 12800K, reserved 385024K
}
Event: 267.174 GC heap after
{Heap after GC invocations=22 (full 0):
 garbage-first heap   total 262144K, used 128920K [0x00000007e0000000, 0x0000000800000000)
  region size 1024K, 11 young (11264K), 11 survivors (11264K)
 Metaspace       used 86413K, capacity 90054K, committed 90204K, reserved 462848K
  class space    used 11523K, capacity 12794K, committed 12800K, reserved 385024K
}

